# JRE version: Java(TM) SE Runtime Environment (13.0.2+8) (build 13.0.2+8)
# Java VM: Java HotSpot(TM) 64-Bit Server VM (13.0.2+8, mixed mode, sharing, tiered, compressed oops, parallel gc, windows-amd64)
Heap:
 PSYoungGen      total 23552K, used 10528K [0x00000000eab00000, 0x00000000ec700000, 0x0000000100000000)
  eden space 22016K, 40% used [0x00000000eab00000,0x00000000eb3c9d38,0x00000000ec080000)
  from space 1536K, 99% used [0x00000000ec580000,0x00000000ec6fe310,0x00000000ec700000)
  to   space 3072K, 0% used [0x00000000ec100000,0x00000000ec100000,0x00000000ec400000)
 ParOldGen       total 68608K, used 32993K [0x00000000c0000000, 0x00000000c4300000, 0x00000000eab00000)
  object space 68608K, 48% used [0x00000000c0000000,0x00000000c2038558,0x00000000c4300000)
 Metaspace       used 44364K, capacity 47043K, committed 47272K, reserved 1091584K
  class space    used 4805K, capacity 5802K, committed 5888K, reserved 1048576K
GC Heap History (20 events):
Event: 9.553 GC heap before
{Heap before GC invocations=13 (full 2):
 PSYoungGen      total 24576K, used 24288K [0x00000000eab00000, 0x00000000ec800000, 0x0000000100000000)
  eden space 23552K, 100% used [0x00000000eab00000,0x00000000ec200000,0x00000000ec200000)
  from space 1024K, 71% used [0x00000000ec700000,0x00000000ec7b8000,0x00000000ec800000)
  to   space 2048K, 0% used [0x00000000ec400000,0x00000000ec400000,0x00000000ec600000)
 ParOldGen       total 68608K, used 14753K [0x00000000c0000000, 0x00000000c4300000, 0x00000000eab00000)
  object space 68608K, 21% used [0x00000000c0000000,0x00000000c0e684e8,0x00000000c4300000)
 Metaspace       used 38589K, capacity 41002K, committed 41128K, reserved 1085440K
  class space    used 4181K, capacity 5052K, committed 5120K, reserved 1048576K
}
Event: 9.558 GC heap after
{Heap after GC invocations=13 (full 2):
 PSYoungGen      total 24576K, used 1440K [0x00000000eab00000, 0x00000000ec780000, 0x0000000100000000)
  eden space 23040K, 0% used [0x00000000eab00000,0x00000000eab00000,0x00000000ec180000)
  from space 1536K, 93% used [0x00000000ec400000,0x00000000ec568000,0x00000000ec580000)
  to   space 2048K, 0% used [0x00000000ec580000,0x00000000ec580000,0x00000000ec780000)
 ParOldGen       total 68608K, used 15401K [0x00000000c0000000, 0x00000000c4300000, 0x00000000eab00000)
  object space 68608K, 22% used [0x00000000c0000000,0x00000000c0f0a4e8,0x00000000c4300000)
 Metaspace       used 38589K, capacity 41002K, committed 41128K, reserved 1085440K
  class space    used 4181K, capacity 5052K, committed 5120K, reserved 1048576K
}
Event: 10.052 GC heap before
{Heap before GC invocations=14 (full 2):
 PSYoungGen      total 24576K, used 24480K [0x00000000eab00000, 0x00000000ec780000, 0x0000000100000000)
  eden space 23040K, 100% used [0x00000000eab00000,0x00000000ec180000,0x00000000ec180000)
  from space 1536K, 93% used [0x00000000ec400000,0x00000000ec568000,0x00000000ec580000)
  to   space 2048K, 0% used [0x00000000ec580000,0x00000000ec580000,0x00000000ec780000)
 ParOldGen       total 68608K, used 15401K [0x00000000c0000000, 0x00000000c4300000, 0x00000000eab00000)
  object space 68608K, 22% used [0x00000000c0000000,0x00000000c0f0a4e8,0x00000000c4300000)
 Metaspace       used 40298K, capacity 42674K, committed 42792K, reserved 1087488K
  class space    used 4363K, capacity 5244K, committed 5248K, reserved 1048576K
}
Event: 10.062 GC heap after
{Heap after GC invocations=14 (full 2):
 PSYoungGen      total 24576K, used 1968K [0x00000000eab00000, 0x00000000ec780000, 0x0000000100000000)
  eden space 22528K, 0% used [0x00000000eab00000,0x00000000eab00000,0x00000000ec100000)
  from space 2048K, 96% used [0x00000000ec580000,0x00000000ec76c030,0x00000000ec780000)
  to   space 2560K, 0% used [0x00000000ec280000,0x00000000ec280000,0x00000000ec500000)
 ParOldGen       total 68608K, used 16723K [0x00000000c0000000, 0x00000000c4300000, 0x00000000eab00000)
  object space 68608K, 24% used [0x00000000c0000000,0x00000000c1054cf8,0x00000000c4300000)
 Metaspace       used 40298K, capacity 42674K, committed 42792K, reserved 1087488K
  class space    used 4363K, capacity 5244K, committed 5248K, reserved 1048576K
}
Event: 10.236 GC heap before
{Heap before GC invocations=15 (full 2):
 PSYoungGen      total 24576K, used 24496K [0x00000000eab00000, 0x00000000ec780000, 0x0000000100000000)
  eden space 22528K, 100% used [0x00000000eab00000,0x00000000ec100000,0x00000000ec100000)
  from space 2048K, 96% used [0x00000000ec580000,0x00000000ec76c030,0x00000000ec780000)
  to   space 2560K, 0% used [0x00000000ec280000,0x00000000ec280000,0x00000000ec500000)
 ParOldGen       total 68608K, used 16723K [0x00000000c0000000, 0x00000000c4300000, 0x00000000eab00000)
  object space 68608K, 24% used [0x00000000c0000000,0x00000000c1054cf8,0x00000000c4300000)
 Metaspace       used 40382K, capacity 42739K, committed 42792K, reserved 1087488K
  class space    used 4368K, capacity 5244K, committed 5248K, reserved 1048576K
}
Event: 10.243 GC heap after
{Heap after GC invocations=15 (full 2):
 PSYoungGen      total 24064K, used 1856K [0x00000000eab00000, 0x00000000ec600000, 0x0000000100000000)
  eden space 22016K, 0% used [0x00000000eab00000,0x00000000eab00000,0x00000000ec080000)
  from space 2048K, 90% used [0x00000000ec280000,0x00000000ec450010,0x00000000ec480000)
  to   space 1536K, 0% used [0x00000000ec480000,0x00000000ec480000,0x00000000ec600000)
 ParOldGen       total 68608K, used 18564K [0x00000000c0000000, 0x00000000c4300000, 0x00000000eab00000)
  object space 68608K, 27% used [0x00000000c0000000,0x00000000c12210a0,0x00000000c4300000)
 Metaspace       used 40382K, capacity 42739K, committed 42792K, reserved 1087488K
  class space    used 4368K, capacity 5244K, committed 5248K, reserved 1048576K
}
Event: 10.328 GC heap before
{Heap before GC invocations=16 (full 2):
 PSYoungGen      total 24064K, used 23872K [0x00000000eab00000, 0x00000000ec600000, 0x0000000100000000)
  eden space 22016K, 100% used [0x00000000eab00000,0x00000000ec080000,0x00000000ec080000)
  from space 2048K, 90% used [0x00000000ec280000,0x00000000ec450010,0x00000000ec480000)
  to   space 1536K, 0% used [0x00000000ec480000,0x00000000ec480000,0x00000000ec600000)
 ParOldGen       total 68608K, used 18564K [0x00000000c0000000, 0x00000000c4300000, 0x00000000eab00000)
  object space 68608K, 27% used [0x00000000c0000000,0x00000000c12210a0,0x00000000c4300000)
 Metaspace       used 40402K, capacity 42739K, committed 42792K, reserved 1087488K
  class space    used 4368K, capacity 5244K, committed 5248K, reserved 1048576K
}
Event: 10.334 GC heap after
{Heap after GC invocations=16 (full 2):
 PSYoungGen      total 23552K, used 1504K [0x00000000eab00000, 0x00000000ec880000, 0x0000000100000000)
  eden space 22016K, 0% used [0x00000000eab00000,0x00000000eab00000,0x00000000ec080000)
  from space 1536K, 97% used [0x00000000ec480000,0x00000000ec5f8010,0x00000000ec600000)
  to   space 4096K, 0% used [0x00000000ec080000,0x00000000ec080000,0x00000000ec480000)
 ParOldGen       total 68608K, used 20724K [0x00000000c0000000, 0x00000000c4300000, 0x00000000eab00000)
  object space 68608K, 30% used [0x00000000c0000000,0x00000000c143d0a0,0x00000000c4300000)
 Metaspace       used 40402K, capacity 42739K, committed 42792K, reserved 1087488K
  class space    used 4368K, capacity 5244K, committed 5248K, reserved 1048576K
}
Event: 10.445 GC heap before
{Heap before GC invocations=17 (full 2):
 PSYoungGen      total 23552K, used 23520K [0x00000000eab00000, 0x00000000ec880000, 0x0000000100000000)
  eden space 22016K, 100% used [0x00000000eab00000,0x00000000ec080000,0x00000000ec080000)
  from space 1536K, 97% used [0x00000000ec480000,0x00000000ec5f8010,0x00000000ec600000)
  to   space 4096K, 0% used [0x00000000ec080000,0x00000000ec080000,0x00000000ec480000)
 ParOldGen       total 68608K, used 20724K [0x00000000c0000000, 0x00000000c4300000, 0x00000000eab00000)
  object space 68608K, 30% used [0x00000000c0000000,0x00000000c143d0a0,0x00000000c4300000)
 Metaspace       used 40529K, capacity 42835K, committed 43176K, reserved 1087488K
  class space    used 4383K, capacity 5276K, committed 5376K, reserved 1048576K
}
Event: 10.451 GC heap after
{Heap after GC invocations=17 (full 2):
 PSYoungGen      total 24576K, used 2208K [0x00000000eab00000, 0x00000000ec680000, 0x0000000100000000)
  eden space 22016K, 0% used [0x00000000eab00000,0x00000000eab00000,0x00000000ec080000)
  from space 2560K, 86% used [0x00000000ec080000,0x00000000ec2a8010,0x00000000ec300000)
  to   space 3072K, 0% used [0x00000000ec380000,0x00000000ec380000,0x00000000ec680000)
 ParOldGen       total 68608K, used 22232K [0x00000000c0000000, 0x00000000c4300000, 0x00000000eab00000)
  object space 68608K, 32% used [0x00000000c0000000,0x00000000c15b6030,0x00000000c4300000)
 Metaspace       used 40529K, capacity 42835K, committed 43176K, reserved 1087488K
  class space    used 4383K, capacity 5276K, committed 5376K, reserved 1048576K
}
Event: 10.509 GC heap before
{Heap before GC invocations=18 (full 2):
 PSYoungGen      total 24576K, used 24224K [0x00000000eab00000, 0x00000000ec680000, 0x0000000100000000)
  eden space 22016K, 100% used [0x00000000eab00000,0x00000000ec080000,0x00000000ec080000)
  from space 2560K, 86% used [0x00000000ec080000,0x00000000ec2a8010,0x00000000ec300000)
  to   space 3072K, 0% used [0x00000000ec380000,0x00000000ec380000,0x00000000ec680000)
 ParOldGen       total 68608K, used 22232K [0x00000000c0000000, 0x00000000c4300000, 0x00000000eab00000)
  object space 68608K, 32% used [0x00000000c0000000,0x00000000c15b6030,0x00000000c4300000)
 Metaspace       used 40529K, capacity 42835K, committed 43176K, reserved 1087488K
  class space    used 4383K, capacity 5276K, committed 5376K, reserved 1048576K
}
Event: 10.514 GC heap after
{Heap after GC invocations=18 (full 2):
 PSYoungGen      total 24064K, used 1856K [0x00000000eab00000, 0x00000000ec580000, 0x0000000100000000)
  eden space 22016K, 0% used [0x00000000eab00000,0x00000000eab00000,0x00000000ec080000)
  from space 2048K, 90% used [0x00000000ec380000,0x00000000ec550000,0x00000000ec580000)
  to   space 2560K, 0% used [0x00000000ec080000,0x00000000ec080000,0x00000000ec300000)
 ParOldGen       total 68608K, used 24422K [0x00000000c0000000, 0x00000000c4300000, 0x00000000eab00000)
  object space 68608K, 35% used [0x00000000c0000000,0x00000000c17d9a10,0x00000000c4300000)
 Metaspace       used 40529K, capacity 42835K, committed 43176K, reserved 1087488K
  class space    used 4383K, capacity 5276K, committed 5376K, reserved 1048576K
}
Event: 10.587 GC heap before
{Heap before GC invocations=19 (full 2):
 PSYoungGen      total 24064K, used 23872K [0x00000000eab00000, 0x00000000ec580000, 0x0000000100000000)
  eden space 22016K, 100% used [0x00000000eab00000,0x00000000ec080000,0x00000000ec080000)
  from space 2048K, 90% used [0x00000000ec380000,0x00000000ec550000,0x00000000ec580000)
  to   space 2560K, 0% used [0x00000000ec080000,0x00000000ec080000,0x00000000ec300000)
 ParOldGen       total 68608K, used 24422K [0x00000000c0000000, 0x00000000c4300000, 0x00000000eab00000)
  object space 68608K, 35% used [0x00000000c0000000,0x00000000c17d9a10,0x00000000c4300000)
 Metaspace       used 40530K, capacity 42835K, committed 43176K, reserved 1087488K
  class space    used 4383K, capacity 5276K, committed 5376K, reserved 1048576K
}
Event: 10.632 GC heap after
{Heap after GC invocations=19 (full 2):
 PSYoungGen      total 24576K, used 2240K [0x00000000eab00000, 0x00000000ec580000, 0x0000000100000000)
  eden space 22016K, 0% used [0x00000000eab00000,0x00000000eab00000,0x00000000ec080000)
  from space 2560K, 87% used [0x00000000ec080000,0x00000000ec2b0010,0x00000000ec300000)
  to   space 2560K, 0% used [0x00000000ec300000,0x00000000ec300000,0x00000000ec580000)
 ParOldGen       total 68608K, used 26246K [0x00000000c0000000, 0x00000000c4300000, 0x00000000eab00000)
  object space 68608K, 38% used [0x00000000c0000000,0x00000000c19a1a10,0x00000000c4300000)
 Metaspace       used 40530K, capacity 42835K, committed 43176K, reserved 1087488K
  class space    used 4383K, capacity 5276K, committed 5376K, reserved 1048576K
}
Event: 10.695 GC heap before
{Heap before GC invocations=20 (full 2):
 PSYoungGen      total 24576K, used 24256K [0x00000000eab00000, 0x00000000ec580000, 0x0000000100000000)
  eden space 22016K, 100% used [0x00000000eab00000,0x00000000ec080000,0x00000000ec080000)
  from space 2560K, 87% used [0x00000000ec080000,0x00000000ec2b0010,0x00000000ec300000)
  to   space 2560K, 0% used [0x00000000ec300000,0x00000000ec300000,0x00000000ec580000)
 ParOldGen       total 68608K, used 26246K [0x00000000c0000000, 0x00000000c4300000, 0x00000000eab00000)
  object space 68608K, 38% used [0x00000000c0000000,0x00000000c19a1a10,0x00000000c4300000)
 Metaspace       used 40530K, capacity 42835K, committed 43176K, reserved 1087488K
  class space    used 4383K, capacity 5276K, committed 5376K, reserved 1048576K
}
Event: 10.709 GC heap after
{Heap after GC invocations=20 (full 2):
 PSYoungGen      total 24064K, used 1792K [0x00000000eab00000, 0x00000000ec500000, 0x0000000100000000)
  eden space 22016K, 0% used [0x00000000eab00000,0x00000000eab00000,0x00000000ec080000)
  from space 2048K, 87% used [0x00000000ec300000,0x00000000ec4c0000,0x00000000ec500000)
  to   space 2048K, 0% used [0x00000000ec100000,0x00000000ec100000,0x00000000ec300000)
 ParOldGen       total 68608K, used 28406K [0x00000000c0000000, 0x00000000c4300000, 0x00000000eab00000)
  object space 68608K, 41% used [0x00000000c0000000,0x00000000c1bbda20,0x00000000c4300000)
 Metaspace       used 40530K, capacity 42835K, committed 43176K, reserved 1087488K
  class space    used 4383K, capacity 5276K, committed 5376K, reserved 1048576K
}
Event: 11.674 GC heap before
{Heap before GC invocations=21 (full 2):
 PSYoungGen      total 24064K, used 23808K [0x00000000eab00000, 0x00000000ec500000, 0x0000000100000000)
  eden space 22016K, 100% used [0x00000000eab00000,0x00000000ec080000,0x00000000ec080000)
  from space 2048K, 87% used [0x00000000ec300000,0x00000000ec4c0000,0x00000000ec500000)
  to   space 2048K, 0% used [0x00000000ec100000,0x00000000ec100000,0x00000000ec300000)
 ParOldGen       total 68608K, used 28406K [0x00000000c0000000, 0x00000000c4300000, 0x00000000eab00000)
  object space 68608K, 41% used [0x00000000c0000000,0x00000000c1bbda20,0x00000000c4300000)
 Metaspace       used 41139K, capacity 43550K, committed 43688K, reserved 1087488K
  class space    used 4436K, capacity 5320K, committed 5376K, reserved 1048576K
}
Event: 11.679 GC heap after
{Heap after GC invocations=21 (full 2):
 PSYoungGen      total 24064K, used 2047K [0x00000000eab00000, 0x00000000eca80000, 0x0000000100000000)
  eden space 22016K, 0% used [0x00000000eab00000,0x00000000eab00000,0x00000000ec080000)
  from space 2048K, 99% used [0x00000000ec100000,0x00000000ec2fff18,0x00000000ec300000)
  to   space 5120K, 0% used [0x00000000ec580000,0x00000000ec580000,0x00000000eca80000)
 ParOldGen       total 68608K, used 30966K [0x00000000c0000000, 0x00000000c4300000, 0x00000000eab00000)
  object space 68608K, 45% used [0x00000000c0000000,0x00000000c1e3da40,0x00000000c4300000)
 Metaspace       used 41139K, capacity 43550K, committed 43688K, reserved 1087488K
  class space    used 4436K, capacity 5320K, committed 5376K, reserved 1048576K
}
Event: 12.865 GC heap before
{Heap before GC invocations=22 (full 2):
 PSYoungGen      total 24064K, used 24063K [0x00000000eab00000, 0x00000000eca80000, 0x0000000100000000)
  eden space 22016K, 100% used [0x00000000eab00000,0x00000000ec080000,0x00000000ec080000)
  from space 2048K, 99% used [0x00000000ec100000,0x00000000ec2fff18,0x00000000ec300000)
  to   space 5120K, 0% used [0x00000000ec580000,0x00000000ec580000,0x00000000eca80000)
 ParOldGen       total 68608K, used 30966K [0x00000000c0000000, 0x00000000c4300000, 0x00000000eab00000)
  object space 68608K, 45% used [0x00000000c0000000,0x00000000c1e3da40,0x00000000c4300000)
 Metaspace       used 43277K, capacity 45917K, committed 46120K, reserved 1089536K
  class space    used 4664K, capacity 5662K, committed 5760K, reserved 1048576K
}
Event: 12.871 GC heap after
{Heap after GC invocations=22 (full 2):
 PSYoungGen      total 23552K, used 1528K [0x00000000eab00000, 0x00000000ec700000, 0x0000000100000000)
  eden space 22016K, 0% used [0x00000000eab00000,0x00000000eab00000,0x00000000ec080000)
  from space 1536K, 99% used [0x00000000ec580000,0x00000000ec6fe310,0x00000000ec700000)
  to   space 3072K, 0% used [0x00000000ec100000,0x00000000ec100000,0x00000000ec400000)
 ParOldGen       total 68608K, used 32993K [0x00000000c0000000, 0x00000000c4300000, 0x00000000eab00000)
  object space 68608K, 48% used [0x00000000c0000000,0x00000000c2038558,0x00000000c4300000)
 Metaspace       used 43277K, capacity 45917K, committed 46120K, reserved 1089536K
  class space    used 4664K, capacity 5662K, committed 5760K, reserved 1048576K
}

