# JRE version: OpenJDK Runtime Environment (8.0_312-b07) (build 1.8.0_312-b07)
# Java VM: OpenJDK 64-Bit Server VM (25.312-b07 mixed mode windows-amd64 compressed oops)
Heap:
 PSYoungGen      total 103424K, used 93085K [0x00000000d5e00000, 0x00000000de700000, 0x0000000100000000)
  eden space 92672K, 89% used [0x00000000d5e00000,0x00000000daee4990,0x00000000db880000)
  from space 10752K, 95% used [0x00000000db880000,0x00000000dc282df8,0x00000000dc300000)
  to   space 11776K, 0% used [0x00000000ddb80000,0x00000000ddb80000,0x00000000de700000)
 ParOldGen       total 92160K, used 13258K [0x0000000081a00000, 0x0000000087400000, 0x00000000d5e00000)
  object space 92160K, 14% used [0x0000000081a00000,0x00000000826f2bc0,0x0000000087400000)
 Metaspace       used 46588K, capacity 49808K, committed 49920K, reserved 1091584K
  class space    used 6275K, capacity 6870K, committed 6912K, reserved 1048576K
GC Heap History (10 events):
Event: 7.065 GC heap before
{Heap before GC invocations=7 (full 1):
 PSYoungGen      total 38400K, used 38382K [0x00000000d5e00000, 0x00000000da600000, 0x0000000100000000)
  eden space 33280K, 100% used [0x00000000d5e00000,0x00000000d7e80000,0x00000000d7e80000)
  from space 5120K, 99% used [0x00000000d7e80000,0x00000000d837ba00,0x00000000d8380000)
  to   space 9216K, 0% used [0x00000000d9d00000,0x00000000d9d00000,0x00000000da600000)
 ParOldGen       total 61440K, used 7786K [0x0000000081a00000, 0x0000000085600000, 0x00000000d5e00000)
  object space 61440K, 12% used [0x0000000081a00000,0x000000008219a8a8,0x0000000085600000)
 Metaspace       used 26674K, capacity 27886K, committed 28032K, reserved 1073152K
  class space    used 3423K, capacity 3707K, committed 3712K, reserved 1048576K
Event: 7.074 GC heap after
Heap after GC invocations=7 (full 1):
 PSYoungGen      total 63488K, used 6445K [0x00000000d5e00000, 0x00000000da500000, 0x0000000100000000)
  eden space 55296K, 0% used [0x00000000d5e00000,0x00000000d5e00000,0x00000000d9400000)
  from space 8192K, 78% used [0x00000000d9d00000,0x00000000da34b548,0x00000000da500000)
  to   space 8704K, 0% used [0x00000000d9400000,0x00000000d9400000,0x00000000d9c80000)
 ParOldGen       total 61440K, used 7794K [0x0000000081a00000, 0x0000000085600000, 0x00000000d5e00000)
  object space 61440K, 12% used [0x0000000081a00000,0x000000008219c8a8,0x0000000085600000)
 Metaspace       used 26674K, capacity 27886K, committed 28032K, reserved 1073152K
  class space    used 3423K, capacity 3707K, committed 3712K, reserved 1048576K
}
Event: 8.204 GC heap before
{Heap before GC invocations=8 (full 1):
 PSYoungGen      total 63488K, used 61741K [0x00000000d5e00000, 0x00000000da500000, 0x0000000100000000)
  eden space 55296K, 100% used [0x00000000d5e00000,0x00000000d9400000,0x00000000d9400000)
  from space 8192K, 78% used [0x00000000d9d00000,0x00000000da34b548,0x00000000da500000)
  to   space 8704K, 0% used [0x00000000d9400000,0x00000000d9400000,0x00000000d9c80000)
 ParOldGen       total 61440K, used 7794K [0x0000000081a00000, 0x0000000085600000, 0x00000000d5e00000)
  object space 61440K, 12% used [0x0000000081a00000,0x000000008219c8a8,0x0000000085600000)
 Metaspace       used 30372K, capacity 31758K, committed 32000K, reserved 1077248K
  class space    used 3939K, capacity 4229K, committed 4352K, reserved 1048576K
Event: 8.223 GC heap after
Heap after GC invocations=8 (full 1):
 PSYoungGen      total 64000K, used 8684K [0x00000000d5e00000, 0x00000000dcd00000, 0x0000000100000000)
  eden space 55296K, 0% used [0x00000000d5e00000,0x00000000d5e00000,0x00000000d9400000)
  from space 8704K, 99% used [0x00000000d9400000,0x00000000d9c7b198,0x00000000d9c80000)
  to   space 10240K, 0% used [0x00000000dc300000,0x00000000dc300000,0x00000000dcd00000)
 ParOldGen       total 61440K, used 8923K [0x0000000081a00000, 0x0000000085600000, 0x00000000d5e00000)
  object space 61440K, 14% used [0x0000000081a00000,0x00000000822b6fe0,0x0000000085600000)
 Metaspace       used 30372K, capacity 31758K, committed 32000K, reserved 1077248K
  class space    used 3939K, capacity 4229K, committed 4352K, reserved 1048576K
}
Event: 8.980 GC heap before
{Heap before GC invocations=9 (full 1):
 PSYoungGen      total 64000K, used 38171K [0x00000000d5e00000, 0x00000000dcd00000, 0x0000000100000000)
  eden space 55296K, 53% used [0x00000000d5e00000,0x00000000d7acbdd0,0x00000000d9400000)
  from space 8704K, 99% used [0x00000000d9400000,0x00000000d9c7b198,0x00000000d9c80000)
  to   space 10240K, 0% used [0x00000000dc300000,0x00000000dc300000,0x00000000dcd00000)
 ParOldGen       total 61440K, used 8923K [0x0000000081a00000, 0x0000000085600000, 0x00000000d5e00000)
  object space 61440K, 14% used [0x0000000081a00000,0x00000000822b6fe0,0x0000000085600000)
 Metaspace       used 33370K, capacity 35294K, committed 35416K, reserved 1079296K
  class space    used 4400K, capacity 4775K, committed 4864K, reserved 1048576K
Event: 9.000 GC heap after
Heap after GC invocations=9 (full 1):
 PSYoungGen      total 102912K, used 8340K [0x00000000d5e00000, 0x00000000dd080000, 0x0000000100000000)
  eden space 92672K, 0% used [0x00000000d5e00000,0x00000000d5e00000,0x00000000db880000)
  from space 10240K, 81% used [0x00000000dc300000,0x00000000dcb25300,0x00000000dcd00000)
  to   space 10752K, 0% used [0x00000000db880000,0x00000000db880000,0x00000000dc300000)
 ParOldGen       total 61440K, used 9827K [0x0000000081a00000, 0x0000000085600000, 0x00000000d5e00000)
  object space 61440K, 15% used [0x0000000081a00000,0x0000000082398fe0,0x0000000085600000)
 Metaspace       used 33370K, capacity 35294K, committed 35416K, reserved 1079296K
  class space    used 4400K, capacity 4775K, committed 4864K, reserved 1048576K
}
Event: 9.000 GC heap before
{Heap before GC invocations=10 (full 2):
 PSYoungGen      total 102912K, used 8340K [0x00000000d5e00000, 0x00000000dd080000, 0x0000000100000000)
  eden space 92672K, 0% used [0x00000000d5e00000,0x00000000d5e00000,0x00000000db880000)
  from space 10240K, 81% used [0x00000000dc300000,0x00000000dcb25300,0x00000000dcd00000)
  to   space 10752K, 0% used [0x00000000db880000,0x00000000db880000,0x00000000dc300000)
 ParOldGen       total 61440K, used 9827K [0x0000000081a00000, 0x0000000085600000, 0x00000000d5e00000)
  object space 61440K, 15% used [0x0000000081a00000,0x0000000082398fe0,0x0000000085600000)
 Metaspace       used 33370K, capacity 35294K, committed 35416K, reserved 1079296K
  class space    used 4400K, capacity 4775K, committed 4864K, reserved 1048576K
Event: 9.102 GC heap after
Heap after GC invocations=10 (full 2):
 PSYoungGen      total 102912K, used 0K [0x00000000d5e00000, 0x00000000dd080000, 0x0000000100000000)
  eden space 92672K, 0% used [0x00000000d5e00000,0x00000000d5e00000,0x00000000db880000)
  from space 10240K, 0% used [0x00000000dc300000,0x00000000dc300000,0x00000000dcd00000)
  to   space 10752K, 0% used [0x00000000db880000,0x00000000db880000,0x00000000dc300000)
 ParOldGen       total 92160K, used 13250K [0x0000000081a00000, 0x0000000087400000, 0x00000000d5e00000)
  object space 92160K, 14% used [0x0000000081a00000,0x00000000826f0bc0,0x0000000087400000)
 Metaspace       used 33370K, capacity 35294K, committed 35416K, reserved 1079296K
  class space    used 4400K, capacity 4775K, committed 4864K, reserved 1048576K
}
Event: 12.524 GC heap before
{Heap before GC invocations=11 (full 2):
 PSYoungGen      total 102912K, used 92672K [0x00000000d5e00000, 0x00000000dd080000, 0x0000000100000000)
  eden space 92672K, 100% used [0x00000000d5e00000,0x00000000db880000,0x00000000db880000)
  from space 10240K, 0% used [0x00000000dc300000,0x00000000dc300000,0x00000000dcd00000)
  to   space 10752K, 0% used [0x00000000db880000,0x00000000db880000,0x00000000dc300000)
 ParOldGen       total 92160K, used 13250K [0x0000000081a00000, 0x0000000087400000, 0x00000000d5e00000)
  object space 92160K, 14% used [0x0000000081a00000,0x00000000826f0bc0,0x0000000087400000)
 Metaspace       used 41665K, capacity 44294K, committed 44544K, reserved 1087488K
  class space    used 5574K, capacity 6085K, committed 6144K, reserved 1048576K
Event: 12.537 GC heap after
Heap after GC invocations=11 (full 2):
 PSYoungGen      total 103424K, used 10251K [0x00000000d5e00000, 0x00000000de700000, 0x0000000100000000)
  eden space 92672K, 0% used [0x00000000d5e00000,0x00000000d5e00000,0x00000000db880000)
  from space 10752K, 95% used [0x00000000db880000,0x00000000dc282df8,0x00000000dc300000)
  to   space 11776K, 0% used [0x00000000ddb80000,0x00000000ddb80000,0x00000000de700000)
 ParOldGen       total 92160K, used 13258K [0x0000000081a00000, 0x0000000087400000, 0x00000000d5e00000)
  object space 92160K, 14% used [0x0000000081a00000,0x00000000826f2bc0,0x0000000087400000)
 Metaspace       used 41665K, capacity 44294K, committed 44544K, reserved 1087488K
  class space    used 5574K, capacity 6085K, committed 6144K, reserved 1048576K
}

